C51 COMPILER V9.57.0.0   MAIN                                                              05/29/2020 10:16:52 PAGE 1   


C51 COMPILER V9.57.0.0, COMPILATION OF MODULE MAIN
OBJECT MODULE PLACED IN .\Objects\main.obj
COMPILER INVOKED BY: D:\keil\MDK\C51\BIN\C51.EXE main.c OPTIMIZE(8,SPEED) BROWSE DEBUG OBJECTEXTEND PRINT(.\Listings\mai
                    -n.lst) OBJECT(.\Objects\main.obj)

line level    source

   1          /*
   2           * @Author: éƒ‘å¥
   3           */ 
   4          #include "STC89xx.h"
   5          #include "uart.h"
   6          #include "timer.h"
   7          #include <string.h>
   8          #include <intrins.h>
   9          #include <stdio.h>
  10          
  11          #define BUF_LEN 20   //ä¸²å£æ¥æ”¶ç¼“å†²å¤§å°
  12          
  13          
  14          
  15          uint8_t g_uart_buff[BUF_LEN] = {0};
  16          uint8_t g_uart_len = 0;
  17          volatile bit g_recv_flag = 0;
  18          
  19          void DataProcessing(uint8_t msg[], uint8_t len);
  20          
  21          
  22          void Uart_IRQHandler(void) interrupt 4
  23          {
  24   1              if(RI)
  25   1              {
  26   2                      RI = 0;
  27   2              
  28   2                      //å…ˆå…³å®šæ—¶å™¨ï¼Œå¹¶é‡æ–°å°†å®šæ—¶å™¨çš„å€¼å˜å›3msçš„åˆå§‹æ•°æ®
  29   2                      StopReceiveTimer();
  30   2                      ResetReceiveTimer();
  31   2      
  32   2                      g_uart_buff[g_uart_len++] = SBUF;   
  33   2      
  34   2                      StartReceiveTimer();
  35   2              }
  36   1      }
  37          
  38          void UartReceiveTimeout_IRQHandler(void) interrupt 5
  39          {
  40   1              TF2 = 0;
  41   1      
  42   1              StopReceiveTimer();
  43   1              //ResetReceiveTimer();
  44   1      
  45   1              g_recv_flag = 1;
  46   1      }
  47          
  48          
  49          int main(void)
  50          {
  51   1              uint8_t msg_len = 0;
  52   1              uint8_t uart_msg[BUF_LEN] = {0};
  53   1              uint8_t i = 0;
  54   1      
C51 COMPILER V9.57.0.0   MAIN                                                              05/29/2020 10:16:52 PAGE 2   

  55   1              Uart_Init(BAUD_19200);
  56   1              
  57   1              while(1)
  58   1              {
  59   2                      if (g_recv_flag)
  60   2                      {
  61   3                              
  62   3                              //å°†ç¼“å­˜åŒºçš„æ•°æ®ä¾æ¬¡èµ‹å€¼ç»™å¦ä¸€ä¸ªæ•°ç»„ï¼Œé¿å…å¤„ç†è¿‡ç¨‹ä¸­å‘é€æ•°æ®å½±å“ç¼“å†²åŒ
             -ºåŸŸçš„æ•°æ®
  63   3                              for (i = 0; i < g_uart_len; i++)
  64   3                              {
  65   4                                      uart_msg[i] = g_uart_buff[i];
  66   4                              }
  67   3                              msg_len = g_uart_len;
  68   3                              
  69   3                              //å°†ç¼“å­˜åŒºçš„æ•°æ®æ¸…é›¶
  70   3                              memset(g_uart_buff, 0, BUF_LEN * sizeof(uint8_t));
  71   3                              g_uart_len = 0;
  72   3      
  73   3                              //æ•°æ®å¤„ç†
  74   3                              DataProcessing(uart_msg, msg_len);
  75   3      
  76   3                              //å°†æ•°æ®æ•°ç»„çš„æ•°æ®æ¸…é›¶
  77   3                              memset(uart_msg, 0, msg_len * sizeof(uint8_t));
  78   3      
  79   3                              g_recv_flag = 0;
  80   3                      }
  81   2                      
  82   2              }
  83   1              
  84   1              return 0;
  85   1      }
  86          
  87          void DataProcessing(uint8_t msg[], uint8_t len)
  88          {
  89   1              uint8_t i = 0;
  90   1              for (i = 0; i < len; i++)
  91   1              {
  92   2                      Uart_SendByte(msg[i]);
  93   2              }
  94   1              
  95   1      }
*** WARNING C294 IN LINE 84 OF main.c: unreachable code


MODULE INFORMATION:   STATIC OVERLAYABLE
   CODE SIZE        =    296    ----
   CONSTANT SIZE    =     20    ----
   XDATA SIZE       =   ----    ----
   PDATA SIZE       =   ----    ----
   DATA SIZE        =     21      27
   IDATA SIZE       =   ----    ----
   BIT SIZE         =      1    ----
END OF MODULE INFORMATION.


C51 COMPILATION COMPLETE.  1 WARNING(S),  0 ERROR(S)
