C51 COMPILER V9.57.0.0   TIMER                                                             05/29/2020 10:16:52 PAGE 1   


C51 COMPILER V9.57.0.0, COMPILATION OF MODULE TIMER
OBJECT MODULE PLACED IN .\Objects\timer.obj
COMPILER INVOKED BY: D:\keil\MDK\C51\BIN\C51.EXE timer.c OPTIMIZE(8,SPEED) BROWSE DEBUG OBJECTEXTEND PRINT(.\Listings\ti
                    -mer.lst) OBJECT(.\Objects\timer.obj)

line level    source

   1          #include "STC89xx.h"
   2          
   3          /***************串口相关定时器**********************/
   4          //3ms 误差0.01%
   5          #define TH2_VALUE 0xF5
   6          #define TL2_VALUE 0x33
   7          
   8          void UartReceiveTimer_Init(void)
   9          {
  10   1          T2MOD = 0;          //初始化模式寄存器
  11   1              T2CON = 0;              //初始化控制寄存器
  12   1              TL2 = TL2_VALUE;                //设置定时初值
  13   1              TH2 = TH2_VALUE;                //设置定时初值
  14   1              RCAP2L = 0x33;          //设置定时重载值
  15   1              RCAP2H = 0xF5;          //设置定时重载值
  16   1              TR2 = 0;                //定时器2关闭
  17   1      
  18   1          ET2 = 1; //打开定时器中断
  19   1      }
  20          
  21          void ResetReceiveTimer(void)
  22          {
  23   1              TL2 = TL2_VALUE;                //设置定时初值
  24   1              TH2 = TH2_VALUE;                //设置定时初值
  25   1      }
  26          
  27          void StartReceiveTimer(void)
  28          {
  29   1          TR2 = 1;
  30   1      }
  31          
  32          void StopReceiveTimer(void)
  33          {
  34   1          TR2 = 0;
  35   1      }
  36          
  37          
  38          /**************************************************/


MODULE INFORMATION:   STATIC OVERLAYABLE
   CODE SIZE        =     35    ----
   CONSTANT SIZE    =   ----    ----
   XDATA SIZE       =   ----    ----
   PDATA SIZE       =   ----    ----
   DATA SIZE        =   ----    ----
   IDATA SIZE       =   ----    ----
   BIT SIZE         =   ----    ----
END OF MODULE INFORMATION.


C51 COMPILATION COMPLETE.  0 WARNING(S),  0 ERROR(S)
